::1 - - [09/Feb/2019:21:19:07 +0000] "GET / HTTP/1.1" 304 - "-" "Mozilla/5.0 (Macintosh; Intel Mac OS X 10_14_2) AppleWebKit/537.36 (KHTML, like Gecko) Chrome/71.0.3578.98 Safari/537.36"
::1 - - [09/Feb/2019:21:19:07 +0000] "GET /css/forms.css HTTP/1.1" 304 - "http://localhost:5000/" "Mozilla/5.0 (Macintosh; Intel Mac OS X 10_14_2) AppleWebKit/537.36 (KHTML, like Gecko) Chrome/71.0.3578.98 Safari/537.36"
::1 - - [09/Feb/2019:21:19:07 +0000] "GET /css/main.css HTTP/1.1" 304 - "http://localhost:5000/" "Mozilla/5.0 (Macintosh; Intel Mac OS X 10_14_2) AppleWebKit/537.36 (KHTML, like Gecko) Chrome/71.0.3578.98 Safari/537.36"
::1 - - [09/Feb/2019:21:19:09 +0000] "GET /graphqll HTTP/1.1" 200 677 "-" "Mozilla/5.0 (Macintosh; Intel Mac OS X 10_14_2) AppleWebKit/537.36 (KHTML, like Gecko) Chrome/71.0.3578.98 Safari/537.36"
::1 - - [09/Feb/2019:21:19:09 +0000] "GET /favicon.ico HTTP/1.1" 304 - "http://localhost:5000/graphqll" "Mozilla/5.0 (Macintosh; Intel Mac OS X 10_14_2) AppleWebKit/537.36 (KHTML, like Gecko) Chrome/71.0.3578.98 Safari/537.36"
::1 - - [09/Feb/2019:21:19:15 +0000] "GET /graphql HTTP/1.1" 200 - "-" "Mozilla/5.0 (Macintosh; Intel Mac OS X 10_14_2) AppleWebKit/537.36 (KHTML, like Gecko) Chrome/71.0.3578.98 Safari/537.36"
::1 - - [09/Feb/2019:21:19:16 +0000] "GET /favicon.ico HTTP/1.1" 304 - "http://localhost:5000/" "Mozilla/5.0 (Macintosh; Intel Mac OS X 10_14_2) AppleWebKit/537.36 (KHTML, like Gecko) Chrome/71.0.3578.98 Safari/537.36"
::1 - - [09/Feb/2019:21:19:16 +0000] "POST /graphql? HTTP/1.1" 200 - "http://localhost:5000/" "Mozilla/5.0 (Macintosh; Intel Mac OS X 10_14_2) AppleWebKit/537.36 (KHTML, like Gecko) Chrome/71.0.3578.98 Safari/537.36"
::1 - - [09/Feb/2019:21:19:33 +0000] "GET /favicon.ico HTTP/1.1" 304 - "http://localhost:5000/" "Mozilla/5.0 (Macintosh; Intel Mac OS X 10_14_2) AppleWebKit/537.36 (KHTML, like Gecko) Chrome/71.0.3578.98 Safari/537.36"
::1 - - [09/Feb/2019:21:19:33 +0000] "GET /favicon.ico HTTP/1.1" 304 - "http://localhost:5000/" "Mozilla/5.0 (Macintosh; Intel Mac OS X 10_14_2) AppleWebKit/537.36 (KHTML, like Gecko) Chrome/71.0.3578.98 Safari/537.36"
::1 - - [09/Feb/2019:21:19:34 +0000] "GET /favicon.ico HTTP/1.1" 304 - "http://localhost:5000/" "Mozilla/5.0 (Macintosh; Intel Mac OS X 10_14_2) AppleWebKit/537.36 (KHTML, like Gecko) Chrome/71.0.3578.98 Safari/537.36"
::1 - - [09/Feb/2019:21:19:35 +0000] "GET /favicon.ico HTTP/1.1" 304 - "http://localhost:5000/" "Mozilla/5.0 (Macintosh; Intel Mac OS X 10_14_2) AppleWebKit/537.36 (KHTML, like Gecko) Chrome/71.0.3578.98 Safari/537.36"
::1 - - [09/Feb/2019:21:19:40 +0000] "GET /favicon.ico HTTP/1.1" 304 - "http://localhost:5000/" "Mozilla/5.0 (Macintosh; Intel Mac OS X 10_14_2) AppleWebKit/537.36 (KHTML, like Gecko) Chrome/71.0.3578.98 Safari/537.36"
::1 - - [09/Feb/2019:21:19:40 +0000] "GET /favicon.ico HTTP/1.1" 304 - "http://localhost:5000/" "Mozilla/5.0 (Macintosh; Intel Mac OS X 10_14_2) AppleWebKit/537.36 (KHTML, like Gecko) Chrome/71.0.3578.98 Safari/537.36"
::1 - - [09/Feb/2019:21:19:40 +0000] "GET /favicon.ico HTTP/1.1" 304 - "http://localhost:5000/" "Mozilla/5.0 (Macintosh; Intel Mac OS X 10_14_2) AppleWebKit/537.36 (KHTML, like Gecko) Chrome/71.0.3578.98 Safari/537.36"
::1 - - [09/Feb/2019:21:19:40 +0000] "GET /favicon.ico HTTP/1.1" 304 - "http://localhost:5000/" "Mozilla/5.0 (Macintosh; Intel Mac OS X 10_14_2) AppleWebKit/537.36 (KHTML, like Gecko) Chrome/71.0.3578.98 Safari/537.36"
::1 - - [09/Feb/2019:21:19:41 +0000] "GET /favicon.ico HTTP/1.1" 304 - "http://localhost:5000/" "Mozilla/5.0 (Macintosh; Intel Mac OS X 10_14_2) AppleWebKit/537.36 (KHTML, like Gecko) Chrome/71.0.3578.98 Safari/537.36"
::1 - - [09/Feb/2019:21:19:41 +0000] "GET /favicon.ico HTTP/1.1" 304 - "http://localhost:5000/" "Mozilla/5.0 (Macintosh; Intel Mac OS X 10_14_2) AppleWebKit/537.36 (KHTML, like Gecko) Chrome/71.0.3578.98 Safari/537.36"
::1 - - [09/Feb/2019:21:19:41 +0000] "GET /favicon.ico HTTP/1.1" 304 - "http://localhost:5000/" "Mozilla/5.0 (Macintosh; Intel Mac OS X 10_14_2) AppleWebKit/537.36 (KHTML, like Gecko) Chrome/71.0.3578.98 Safari/537.36"
::1 - - [09/Feb/2019:21:19:42 +0000] "GET /favicon.ico HTTP/1.1" 304 - "http://localhost:5000/" "Mozilla/5.0 (Macintosh; Intel Mac OS X 10_14_2) AppleWebKit/537.36 (KHTML, like Gecko) Chrome/71.0.3578.98 Safari/537.36"
::1 - - [09/Feb/2019:21:19:47 +0000] "GET /favicon.ico HTTP/1.1" 304 - "http://localhost:5000/" "Mozilla/5.0 (Macintosh; Intel Mac OS X 10_14_2) AppleWebKit/537.36 (KHTML, like Gecko) Chrome/71.0.3578.98 Safari/537.36"
::1 - - [09/Feb/2019:21:19:47 +0000] "GET /favicon.ico HTTP/1.1" 304 - "http://localhost:5000/" "Mozilla/5.0 (Macintosh; Intel Mac OS X 10_14_2) AppleWebKit/537.36 (KHTML, like Gecko) Chrome/71.0.3578.98 Safari/537.36"
::1 - - [09/Feb/2019:21:19:48 +0000] "GET /favicon.ico HTTP/1.1" 304 - "http://localhost:5000/" "Mozilla/5.0 (Macintosh; Intel Mac OS X 10_14_2) AppleWebKit/537.36 (KHTML, like Gecko) Chrome/71.0.3578.98 Safari/537.36"
::1 - - [09/Feb/2019:21:19:48 +0000] "GET /favicon.ico HTTP/1.1" 304 - "http://localhost:5000/" "Mozilla/5.0 (Macintosh; Intel Mac OS X 10_14_2) AppleWebKit/537.36 (KHTML, like Gecko) Chrome/71.0.3578.98 Safari/537.36"
::1 - - [09/Feb/2019:21:19:48 +0000] "GET /favicon.ico HTTP/1.1" 304 - "http://localhost:5000/" "Mozilla/5.0 (Macintosh; Intel Mac OS X 10_14_2) AppleWebKit/537.36 (KHTML, like Gecko) Chrome/71.0.3578.98 Safari/537.36"
::1 - - [09/Feb/2019:21:19:48 +0000] "GET /favicon.ico HTTP/1.1" 304 - "http://localhost:5000/" "Mozilla/5.0 (Macintosh; Intel Mac OS X 10_14_2) AppleWebKit/537.36 (KHTML, like Gecko) Chrome/71.0.3578.98 Safari/537.36"
::1 - - [09/Feb/2019:21:19:49 +0000] "GET /favicon.ico HTTP/1.1" 304 - "http://localhost:5000/" "Mozilla/5.0 (Macintosh; Intel Mac OS X 10_14_2) AppleWebKit/537.36 (KHTML, like Gecko) Chrome/71.0.3578.98 Safari/537.36"
::1 - - [09/Feb/2019:21:19:49 +0000] "GET /favicon.ico HTTP/1.1" 304 - "http://localhost:5000/" "Mozilla/5.0 (Macintosh; Intel Mac OS X 10_14_2) AppleWebKit/537.36 (KHTML, like Gecko) Chrome/71.0.3578.98 Safari/537.36"
::1 - - [09/Feb/2019:21:19:49 +0000] "GET /favicon.ico HTTP/1.1" 304 - "http://localhost:5000/" "Mozilla/5.0 (Macintosh; Intel Mac OS X 10_14_2) AppleWebKit/537.36 (KHTML, like Gecko) Chrome/71.0.3578.98 Safari/537.36"
::1 - - [09/Feb/2019:21:19:50 +0000] "GET /favicon.ico HTTP/1.1" 304 - "http://localhost:5000/" "Mozilla/5.0 (Macintosh; Intel Mac OS X 10_14_2) AppleWebKit/537.36 (KHTML, like Gecko) Chrome/71.0.3578.98 Safari/537.36"
::1 - - [09/Feb/2019:21:19:50 +0000] "GET /favicon.ico HTTP/1.1" 304 - "http://localhost:5000/" "Mozilla/5.0 (Macintosh; Intel Mac OS X 10_14_2) AppleWebKit/537.36 (KHTML, like Gecko) Chrome/71.0.3578.98 Safari/537.36"
::1 - - [09/Feb/2019:21:19:50 +0000] "GET /favicon.ico HTTP/1.1" 304 - "http://localhost:5000/" "Mozilla/5.0 (Macintosh; Intel Mac OS X 10_14_2) AppleWebKit/537.36 (KHTML, like Gecko) Chrome/71.0.3578.98 Safari/537.36"
::1 - - [09/Feb/2019:21:19:50 +0000] "GET /favicon.ico HTTP/1.1" 304 - "http://localhost:5000/" "Mozilla/5.0 (Macintosh; Intel Mac OS X 10_14_2) AppleWebKit/537.36 (KHTML, like Gecko) Chrome/71.0.3578.98 Safari/537.36"
::1 - - [09/Feb/2019:21:19:50 +0000] "GET /favicon.ico HTTP/1.1" 304 - "http://localhost:5000/" "Mozilla/5.0 (Macintosh; Intel Mac OS X 10_14_2) AppleWebKit/537.36 (KHTML, like Gecko) Chrome/71.0.3578.98 Safari/537.36"
::1 - - [09/Feb/2019:21:19:50 +0000] "GET /favicon.ico HTTP/1.1" 304 - "http://localhost:5000/" "Mozilla/5.0 (Macintosh; Intel Mac OS X 10_14_2) AppleWebKit/537.36 (KHTML, like Gecko) Chrome/71.0.3578.98 Safari/537.36"
::1 - - [09/Feb/2019:21:19:51 +0000] "GET /favicon.ico HTTP/1.1" 304 - "http://localhost:5000/" "Mozilla/5.0 (Macintosh; Intel Mac OS X 10_14_2) AppleWebKit/537.36 (KHTML, like Gecko) Chrome/71.0.3578.98 Safari/537.36"
::1 - - [09/Feb/2019:21:19:51 +0000] "GET /favicon.ico HTTP/1.1" 304 - "http://localhost:5000/" "Mozilla/5.0 (Macintosh; Intel Mac OS X 10_14_2) AppleWebKit/537.36 (KHTML, like Gecko) Chrome/71.0.3578.98 Safari/537.36"
::1 - - [09/Feb/2019:21:19:51 +0000] "GET /favicon.ico HTTP/1.1" 304 - "http://localhost:5000/" "Mozilla/5.0 (Macintosh; Intel Mac OS X 10_14_2) AppleWebKit/537.36 (KHTML, like Gecko) Chrome/71.0.3578.98 Safari/537.36"
::1 - - [09/Feb/2019:21:19:51 +0000] "GET /favicon.ico HTTP/1.1" 304 - "http://localhost:5000/" "Mozilla/5.0 (Macintosh; Intel Mac OS X 10_14_2) AppleWebKit/537.36 (KHTML, like Gecko) Chrome/71.0.3578.98 Safari/537.36"
::1 - - [09/Feb/2019:21:19:52 +0000] "GET /favicon.ico HTTP/1.1" 304 - "http://localhost:5000/" "Mozilla/5.0 (Macintosh; Intel Mac OS X 10_14_2) AppleWebKit/537.36 (KHTML, like Gecko) Chrome/71.0.3578.98 Safari/537.36"
::1 - - [09/Feb/2019:21:19:52 +0000] "GET /favicon.ico HTTP/1.1" 304 - "http://localhost:5000/" "Mozilla/5.0 (Macintosh; Intel Mac OS X 10_14_2) AppleWebKit/537.36 (KHTML, like Gecko) Chrome/71.0.3578.98 Safari/537.36"
::1 - - [09/Feb/2019:21:19:52 +0000] "GET /favicon.ico HTTP/1.1" 304 - "http://localhost:5000/" "Mozilla/5.0 (Macintosh; Intel Mac OS X 10_14_2) AppleWebKit/537.36 (KHTML, like Gecko) Chrome/71.0.3578.98 Safari/537.36"
::1 - - [09/Feb/2019:21:19:52 +0000] "GET /favicon.ico HTTP/1.1" 304 - "http://localhost:5000/" "Mozilla/5.0 (Macintosh; Intel Mac OS X 10_14_2) AppleWebKit/537.36 (KHTML, like Gecko) Chrome/71.0.3578.98 Safari/537.36"
::1 - - [09/Feb/2019:21:19:52 +0000] "GET /favicon.ico HTTP/1.1" 304 - "http://localhost:5000/" "Mozilla/5.0 (Macintosh; Intel Mac OS X 10_14_2) AppleWebKit/537.36 (KHTML, like Gecko) Chrome/71.0.3578.98 Safari/537.36"
::1 - - [09/Feb/2019:21:19:56 +0000] "GET /favicon.ico HTTP/1.1" 304 - "http://localhost:5000/" "Mozilla/5.0 (Macintosh; Intel Mac OS X 10_14_2) AppleWebKit/537.36 (KHTML, like Gecko) Chrome/71.0.3578.98 Safari/537.36"
::1 - - [09/Feb/2019:21:19:57 +0000] "GET /favicon.ico HTTP/1.1" 304 - "http://localhost:5000/" "Mozilla/5.0 (Macintosh; Intel Mac OS X 10_14_2) AppleWebKit/537.36 (KHTML, like Gecko) Chrome/71.0.3578.98 Safari/537.36"
::1 - - [09/Feb/2019:21:19:57 +0000] "GET /favicon.ico HTTP/1.1" 304 - "http://localhost:5000/" "Mozilla/5.0 (Macintosh; Intel Mac OS X 10_14_2) AppleWebKit/537.36 (KHTML, like Gecko) Chrome/71.0.3578.98 Safari/537.36"
::1 - - [09/Feb/2019:21:19:57 +0000] "GET /favicon.ico HTTP/1.1" 304 - "http://localhost:5000/" "Mozilla/5.0 (Macintosh; Intel Mac OS X 10_14_2) AppleWebKit/537.36 (KHTML, like Gecko) Chrome/71.0.3578.98 Safari/537.36"
::1 - - [09/Feb/2019:21:19:58 +0000] "GET /favicon.ico HTTP/1.1" 304 - "http://localhost:5000/" "Mozilla/5.0 (Macintosh; Intel Mac OS X 10_14_2) AppleWebKit/537.36 (KHTML, like Gecko) Chrome/71.0.3578.98 Safari/537.36"
::1 - - [09/Feb/2019:21:19:58 +0000] "GET /favicon.ico HTTP/1.1" 304 - "http://localhost:5000/" "Mozilla/5.0 (Macintosh; Intel Mac OS X 10_14_2) AppleWebKit/537.36 (KHTML, like Gecko) Chrome/71.0.3578.98 Safari/537.36"
::1 - - [09/Feb/2019:21:19:59 +0000] "GET /favicon.ico HTTP/1.1" 304 - "http://localhost:5000/" "Mozilla/5.0 (Macintosh; Intel Mac OS X 10_14_2) AppleWebKit/537.36 (KHTML, like Gecko) Chrome/71.0.3578.98 Safari/537.36"
::1 - - [09/Feb/2019:21:19:59 +0000] "GET /favicon.ico HTTP/1.1" 304 - "http://localhost:5000/" "Mozilla/5.0 (Macintosh; Intel Mac OS X 10_14_2) AppleWebKit/537.36 (KHTML, like Gecko) Chrome/71.0.3578.98 Safari/537.36"
::1 - - [09/Feb/2019:21:20:02 +0000] "POST /graphql? HTTP/1.1" 200 55 "http://localhost:5000/" "Mozilla/5.0 (Macintosh; Intel Mac OS X 10_14_2) AppleWebKit/537.36 (KHTML, like Gecko) Chrome/71.0.3578.98 Safari/537.36"
::ffff:127.0.0.1 - - [09/Feb/2019:21:35:46 +0000] "POST /graphql HTTP/1.1" 200 - "http://localhost:3000/?" "Mozilla/5.0 (Macintosh; Intel Mac OS X 10_14_2) AppleWebKit/537.36 (KHTML, like Gecko) Chrome/71.0.3578.98 Safari/537.36"
::ffff:127.0.0.1 - - [09/Feb/2019:21:35:46 +0000] "POST /graphql? HTTP/1.1" 200 - "http://localhost:3000/" "Mozilla/5.0 (Macintosh; Intel Mac OS X 10_14_2) AppleWebKit/537.36 (KHTML, like Gecko) Chrome/71.0.3578.98 Safari/537.36"
::ffff:127.0.0.1 - - [09/Feb/2019:21:43:15 +0000] "POST /graphql HTTP/1.1" 200 55 "http://localhost:3000/" "Mozilla/5.0 (Macintosh; Intel Mac OS X 10_14_2) AppleWebKit/537.36 (KHTML, like Gecko) Chrome/71.0.3578.98 Safari/537.36"
::ffff:127.0.0.1 - - [09/Feb/2019:21:44:10 +0000] "POST /graphql HTTP/1.1" 200 55 "http://localhost:3000/" "Mozilla/5.0 (Macintosh; Intel Mac OS X 10_14_2) AppleWebKit/537.36 (KHTML, like Gecko) Chrome/71.0.3578.98 Safari/537.36"
::ffff:127.0.0.1 - - [09/Feb/2019:21:46:11 +0000] "POST /graphql HTTP/1.1" - - "http://localhost:3000/" "Mozilla/5.0 (Macintosh; Intel Mac OS X 10_14_2) AppleWebKit/537.36 (KHTML, like Gecko) Chrome/71.0.3578.98 Safari/537.36"
